Copyright 1986-2020 Xilinx, Inc. All Rights Reserved.
------------------------------------------------------------------------------------
| Tool Version : Vivado v.2020.2 (win64) Build 3064766 Wed Nov 18 09:12:45 MST 2020
| Date         : Sat Mar 26 18:19:53 2022
| Host         : Dweegit running 64-bit major release  (build 9200)
| Command      : report_control_sets -verbose -file UART_control_sets_placed.rpt
| Design       : UART
| Device       : xc7a35t
------------------------------------------------------------------------------------

Control Set Information

Table of Contents
-----------------
1. Summary
2. Histogram
3. Flip-Flop Distribution
4. Detailed Control Set Information

1. Summary
----------

+----------------------------------------------------------+-------+
|                          Status                          | Count |
+----------------------------------------------------------+-------+
| Total control sets                                       |     6 |
|    Minimum number of control sets                        |     6 |
|    Addition due to synthesis replication                 |     0 |
|    Addition due to physical synthesis replication        |     0 |
| Unused register locations in slices containing registers |    31 |
+----------------------------------------------------------+-------+
* Control sets can be merged at opt_design using control_set_merge or merge_equivalent_drivers
** Run report_qor_suggestions for automated merging and remapping suggestions


2. Histogram
------------

+--------------------+-------+
|       Fanout       | Count |
+--------------------+-------+
| Total control sets |     6 |
| >= 0 to < 4        |     3 |
| >= 4 to < 6        |     0 |
| >= 6 to < 8        |     0 |
| >= 8 to < 10       |     0 |
| >= 10 to < 12      |     1 |
| >= 12 to < 14      |     2 |
| >= 14 to < 16      |     0 |
| >= 16              |     0 |
+--------------------+-------+
* Control sets can be remapped at either synth_design or opt_design


3. Flip-Flop Distribution
-------------------------

+--------------+-----------------------+------------------------+-----------------+--------------+
| Clock Enable | Synchronous Set/Reset | Asynchronous Set/Reset | Total Registers | Total Slices |
+--------------+-----------------------+------------------------+-----------------+--------------+
| No           | No                    | No                     |              16 |            7 |
| No           | No                    | Yes                    |               0 |            0 |
| No           | Yes                   | No                     |              13 |            4 |
| Yes          | No                    | No                     |              11 |            2 |
| Yes          | No                    | Yes                    |               0 |            0 |
| Yes          | Yes                   | No                     |               1 |            1 |
+--------------+-----------------------+------------------------+-----------------+--------------+


4. Detailed Control Set Information
-----------------------------------

+--------------------+-----------------------------------------+-------------------------------+------------------+----------------+--------------+
|    Clock Signal    |              Enable Signal              |        Set/Reset Signal       | Slice Load Count | Bel Load Count | Bels / Slice |
+--------------------+-----------------------------------------+-------------------------------+------------------+----------------+--------------+
|  CLK_SCALE/new_clk |                                         |                               |                1 |              1 |         1.00 |
|  CLK_SCALE/new_clk | TX/RsTx_i_2_n_0                         | RX/p_0_in                     |                1 |              1 |         1.00 |
|  clk_IBUF_BUFG     |                                         |                               |                2 |              2 |         1.00 |
|  CLK_SCALE/new_clk | TX/FSM_onehot_current_state[10]_i_1_n_0 |                               |                2 |             11 |         5.50 |
| ~CLK_SCALE/new_clk |                                         |                               |                4 |             13 |         3.25 |
|  clk_IBUF_BUFG     |                                         | CLK_SCALE/counter[13]_i_1_n_0 |                4 |             13 |         3.25 |
+--------------------+-----------------------------------------+-------------------------------+------------------+----------------+--------------+


